0 info it worked if it ends with ok
1 verbose cli [ '/Users/jart/.nvm/versions/node/v5.5.0/bin/node',
1 verbose cli   '/Users/jart/.nvm/versions/node/v5.5.0/bin/npm',
1 verbose cli   'run',
1 verbose cli   'babel-node',
1 verbose cli   'server/server.js' ]
2 info using npm@3.7.1
3 info using node@v5.5.0
4 verbose run-script [ 'prebabel-node', 'babel-node', 'postbabel-node' ]
5 info lifecycle platonic-navel@1.0.0~prebabel-node: platonic-navel@1.0.0
6 silly lifecycle platonic-navel@1.0.0~prebabel-node: no script for prebabel-node, continuing
7 info lifecycle platonic-navel@1.0.0~babel-node: platonic-navel@1.0.0
8 verbose lifecycle platonic-navel@1.0.0~babel-node: unsafe-perm in lifecycle true
9 verbose lifecycle platonic-navel@1.0.0~babel-node: PATH: /Users/jart/.nvm/versions/node/v5.5.0/lib/node_modules/npm/bin/node-gyp-bin:/Users/jart/Desktop/HackReactor/Greenfield/platonic-navel/node_modules/.bin:/Users/jart/.nvm/versions/node/v5.5.0/bin:/Users/jart/.nvm/versions/node/v5.5.0/lib/node_modules/npm/bin/node-gyp-bin:/Users/jart/Desktop/HackReactor/Greenfield/platonic-navel/node_modules/.bin:/Users/jart/.nvm/versions/node/v5.5.0/bin:/Users/jart/.nvm/versions/node/v5.5.0/bin:/Library/Frameworks/Python.framework/Versions/2.7/bin:/Library/Frameworks/Python.framework/Versions/3.4/bin:/usr/local/bin:/usr/bin:/bin:/usr/sbin:/sbin:/opt/X11/bin:/usr/local/git/bin:/Development/adt-bundle/sdk/platform-tools:/Development/adt-bundle/sdk/tools
10 verbose lifecycle platonic-navel@1.0.0~babel-node: CWD: /Users/jart/Desktop/HackReactor/Greenfield/platonic-navel
11 silly lifecycle platonic-navel@1.0.0~babel-node: Args: [ '-c', 'babel-node "server/server.js"' ]
12 silly lifecycle platonic-navel@1.0.0~babel-node: Returned: code: 1  signal: null
13 info lifecycle platonic-navel@1.0.0~babel-node: Failed to exec babel-node script
14 verbose stack Error: platonic-navel@1.0.0 babel-node: `babel-node "server/server.js"`
14 verbose stack Exit status 1
14 verbose stack     at EventEmitter.<anonymous> (/Users/jart/.nvm/versions/node/v5.5.0/lib/node_modules/npm/lib/utils/lifecycle.js:239:16)
14 verbose stack     at emitTwo (events.js:100:13)
14 verbose stack     at EventEmitter.emit (events.js:185:7)
14 verbose stack     at ChildProcess.<anonymous> (/Users/jart/.nvm/versions/node/v5.5.0/lib/node_modules/npm/lib/utils/spawn.js:24:14)
14 verbose stack     at emitTwo (events.js:100:13)
14 verbose stack     at ChildProcess.emit (events.js:185:7)
14 verbose stack     at maybeClose (internal/child_process.js:821:16)
14 verbose stack     at Process.ChildProcess._handle.onexit (internal/child_process.js:211:5)
15 verbose pkgid platonic-navel@1.0.0
16 verbose cwd /Users/jart/Desktop/HackReactor/Greenfield/platonic-navel
17 error Darwin 15.4.0
18 error argv "/Users/jart/.nvm/versions/node/v5.5.0/bin/node" "/Users/jart/.nvm/versions/node/v5.5.0/bin/npm" "run" "babel-node" "server/server.js"
19 error node v5.5.0
20 error npm  v3.7.1
21 error code ELIFECYCLE
22 error platonic-navel@1.0.0 babel-node: `babel-node "server/server.js"`
22 error Exit status 1
23 error Failed at the platonic-navel@1.0.0 babel-node script 'babel-node "server/server.js"'.
23 error Make sure you have the latest version of node.js and npm installed.
23 error If you do, this is most likely a problem with the platonic-navel package,
23 error not with npm itself.
23 error Tell the author that this fails on your system:
23 error     babel-node "server/server.js"
23 error You can get information on how to open an issue for this project with:
23 error     npm bugs platonic-navel
23 error Or if that isn't available, you can get their info via:
23 error     npm owner ls platonic-navel
23 error There is likely additional logging output above.
24 verbose exit [ 1, true ]
